Arguments: 
  /usr/local/Cellar/nvm/0.38.0/versions/node/v16.5.0/bin/node /usr/local/opt/nvm/versions/node/v16.5.0/bin/yarn publish

PATH: 
  /usr/local/opt/nvm/versions/node/v16.5.0/bin:/usr/local/bin:/usr/bin:/bin:/usr/sbin:/sbin:/Users/mengweikang/Desktop/react-observable-form/node_modules/.bin

Yarn version: 
  1.22.11

Node version: 
  16.5.0

Platform: 
  darwin x64

Trace: 
  Error: canceled
      at Interface.<anonymous> (/usr/local/Cellar/nvm/0.38.0/versions/node/v16.5.0/lib/node_modules/yarn/lib/cli.js:137023:13)
      at Interface.emit (node:events:394:28)
      at Interface._ttyWrite (node:readline:1081:16)
      at ReadStream.onkeypress (node:readline:288:10)
      at ReadStream.emit (node:events:394:28)
      at emitKeys (node:internal/readline/utils:358:14)
      at emitKeys.next (<anonymous>)
      at ReadStream.onData (node:internal/readline/emitKeypressEvents:61:36)
      at ReadStream.emit (node:events:394:28)
      at addChunk (node:internal/streams/readable:312:12)

npm manifest: 
  {
    "name": "react-observable-form",
    "version": "1.0.3-beta",
    "license": "MIT",
    "keywords": [
      "react",
      "form",
      "rxjs"
    ],
    "author": {
      "name": "Vickmeng",
      "email": "1543458592@qq.com"
    },
    "dependencies": {
      "lodash": "^4.17.21"
    },
    "peerDependencies": {
      "react": "*",
      "react-dom": "*",
      "rxjs": "*",
      "typescript": "*"
    },
    "module": "dist/index.js",
    "types": "dist/index.d.ts"
  }

yarn manifest: 
  No manifest

Lockfile: 
  No lockfile
